<?xml version="1.0" encoding="UTF-8"?>
<!-- Generated by org.testng.reporters.JUnitXMLReporter -->
<testsuite ignored="7" hostname="LAPTOP-E736NDKH" failures="1" tests="1" name="Test" time="12.984" errors="0" timestamp="2025-03-11T21:30:50 IST">
  <testcase classname="TestScripts.Qalegend_UsersTest" name="TC01" time="3.557">
    <failure type="java.lang.NullPointerException" message="Cannot invoke &amp;quot;org.openqa.selenium.WebDriver.navigate()&amp;quot; because &amp;quot;this.driver&amp;quot; is null">
      <![CDATA[java.lang.NullPointerException: Cannot invoke "org.openqa.selenium.WebDriver.navigate()" because "this.driver" is null
at TestScripts.Qalegend_UsersTest.TC01(Qalegend_UsersTest.java:166)
at java.base/java.util.ArrayList.forEach(ArrayList.java:1511)
... Removed 27 stack frames]]>
    </failure>
  </testcase> <!-- TC01 -->
  <testcase classname="TestScripts.Qalegend_UsersTest" name="addSalesCommissionAgent" time="0.0">
    <ignored/>
  </testcase> <!-- addSalesCommissionAgent -->
  <testcase classname="TestScripts.Qalegend_UsersTest" name="deleteUser" time="0.0">
    <ignored/>
  </testcase> <!-- deleteUser -->
  <testcase classname="TestScripts.Qalegend_UsersTest" name="listRole" time="0.0">
    <ignored/>
  </testcase> <!-- listRole -->
  <testcase classname="TestScripts.Qalegend_UsersTest" name="editRole" time="0.0">
    <ignored/>
  </testcase> <!-- editRole -->
  <testcase classname="TestScripts.Qalegend_UsersTest" name="addRole" time="0.0">
    <ignored/>
  </testcase> <!-- addRole -->
  <testcase classname="TestScripts.Qalegend_UsersTest" name="createUser" time="0.0">
    <ignored/>
  </testcase> <!-- createUser -->
  <testcase classname="TestScripts.Qalegend_UsersTest" name="editSalesCommissionAgent" time="0.0">
    <ignored/>
  </testcase> <!-- editSalesCommissionAgent -->
</testsuite> <!-- Test -->
