<?xml version="1.0" encoding="UTF-8"?>
<testng-results ignored="0" total="1" passed="1" failed="0" skipped="0">
  <reporter-output>
  </reporter-output>
  <suite started-at="2025-03-04T13:47:07 IST" name="Suite" finished-at="2025-03-04T13:47:34 IST" duration-ms="27438">
    <groups>
    </groups>
    <test started-at="2025-03-04T13:47:07 IST" name="Test" finished-at="2025-03-04T13:47:34 IST" duration-ms="27438">
      <class name="TestScripts.Qalegend_SuppliersTest">
        <test-method is-config="true" signature="initializemethod()[pri:0, instance:TestScripts.Qalegend_SuppliersTest@421e361]" started-at="2025-03-04T13:47:07 IST" name="initializemethod" finished-at="2025-03-04T13:47:10 IST" duration-ms="3711" status="PASS">
          <reporter-output>
          </reporter-output>
        </test-method> <!-- initializemethod -->
        <test-method signature="deleteSupplier()[pri:0, instance:TestScripts.Qalegend_SuppliersTest@421e361]" started-at="2025-03-04T13:47:10 IST" name="deleteSupplier" finished-at="2025-03-04T13:47:34 IST" duration-ms="23656" status="PASS">
          <reporter-output>
          </reporter-output>
        </test-method> <!-- deleteSupplier -->
      </class> <!-- TestScripts.Qalegend_SuppliersTest -->
    </test> <!-- Test -->
  </suite> <!-- Suite -->
</testng-results>
